<?xml version="1.0" encoding="utf-8"?><testsuites name="pytest tests"><testsuite name="pytest" errors="0" failures="0" skipped="0" tests="9" time="2.478" timestamp="2026-03-22T09:42:05.785433+00:00" hostname="agent-env-ab24bba6-8642-4fb0-94ed-ad6669087a3e"><testcase classname="backend.tests.test_project_detail_api.TestProjectDetailEndpoint" name="test_get_project_by_id_success" time="0.260" /><testcase classname="backend.tests.test_project_detail_api.TestProjectDetailEndpoint" name="test_project_has_new_fields" time="0.195" /><testcase classname="backend.tests.test_project_detail_api.TestProjectDetailEndpoint" name="test_project_has_related_projects" time="0.208" /><testcase classname="backend.tests.test_project_detail_api.TestProjectDetailEndpoint" name="test_project_not_found" time="0.095" /><testcase classname="backend.tests.test_project_detail_api.TestProjectDetailEndpoint" name="test_project_invalid_id_format" time="0.093" /><testcase classname="backend.tests.test_project_detail_api.TestProjectDetailEndpoint" name="test_manufacturing_project_has_complete_data" time="0.194" /><testcase classname="backend.tests.test_project_detail_api.TestProjectDetailWithNewFields" name="test_create_project_with_new_fields" time="0.625" /><testcase classname="backend.tests.test_project_detail_api.TestProjectDetailWithNewFields" name="test_update_project_new_fields" time="0.617" /><testcase classname="backend.tests.test_project_detail_api.TestContactFormForQuoteRequest" name="test_submit_quote_request" time="0.100" /></testsuite></testsuites>