<?xml version="1.0" encoding="utf-8"?><testsuites name="pytest tests"><testsuite name="pytest" errors="0" failures="0" skipped="0" tests="27" time="8.415" timestamp="2026-03-22T09:22:19.771588+00:00" hostname="agent-env-ab24bba6-8642-4fb0-94ed-ad6669087a3e"><testcase classname="backend.tests.test_vastunirmana_api.TestPublicEndpoints" name="test_root_endpoint" time="0.153" /><testcase classname="backend.tests.test_vastunirmana_api.TestPublicEndpoints" name="test_get_hero_slides" time="0.128" /><testcase classname="backend.tests.test_vastunirmana_api.TestPublicEndpoints" name="test_get_capabilities" time="0.096" /><testcase classname="backend.tests.test_vastunirmana_api.TestPublicEndpoints" name="test_get_projects" time="0.099" /><testcase classname="backend.tests.test_vastunirmana_api.TestPublicEndpoints" name="test_get_projects_with_category_filter" time="0.090" /><testcase classname="backend.tests.test_vastunirmana_api.TestPublicEndpoints" name="test_get_clients" time="0.092" /><testcase classname="backend.tests.test_vastunirmana_api.TestPublicEndpoints" name="test_get_testimonials" time="0.098" /><testcase classname="backend.tests.test_vastunirmana_api.TestPublicEndpoints" name="test_get_company_info" time="0.105" /><testcase classname="backend.tests.test_vastunirmana_api.TestPublicEndpoints" name="test_submit_contact_form" time="0.176" /><testcase classname="backend.tests.test_vastunirmana_api.TestPublicEndpoints" name="test_get_page_content_about" time="0.114" /><testcase classname="backend.tests.test_vastunirmana_api.TestPublicEndpoints" name="test_get_page_content_services" time="0.094" /><testcase classname="backend.tests.test_vastunirmana_api.TestPublicEndpoints" name="test_get_page_content_contact" time="0.098" /><testcase classname="backend.tests.test_vastunirmana_api.TestAdminAuthentication" name="test_admin_login_success" time="0.400" /><testcase classname="backend.tests.test_vastunirmana_api.TestAdminAuthentication" name="test_admin_login_invalid_credentials" time="0.096" /><testcase classname="backend.tests.test_vastunirmana_api.TestAdminAuthentication" name="test_admin_me_with_valid_token" time="0.418" /><testcase classname="backend.tests.test_vastunirmana_api.TestAdminAuthentication" name="test_admin_me_without_token" time="0.092" /><testcase classname="backend.tests.test_vastunirmana_api.TestAdminDashboard" name="test_dashboard_stats" time="0.411" /><testcase classname="backend.tests.test_vastunirmana_api.TestAdminHeroSlidesCRUD" name="test_get_all_hero_slides" time="0.412" /><testcase classname="backend.tests.test_vastunirmana_api.TestAdminHeroSlidesCRUD" name="test_create_update_delete_hero_slide" time="0.654" /><testcase classname="backend.tests.test_vastunirmana_api.TestAdminCapabilitiesCRUD" name="test_crud_capabilities" time="0.639" /><testcase classname="backend.tests.test_vastunirmana_api.TestAdminProjectsCRUD" name="test_crud_projects" time="0.602" /><testcase classname="backend.tests.test_vastunirmana_api.TestAdminClientsCRUD" name="test_crud_clients" time="0.632" /><testcase classname="backend.tests.test_vastunirmana_api.TestAdminTestimonialsCRUD" name="test_crud_testimonials" time="0.610" /><testcase classname="backend.tests.test_vastunirmana_api.TestAdminCompanyInfo" name="test_get_company_info" time="0.414" /><testcase classname="backend.tests.test_vastunirmana_api.TestAdminCompanyInfo" name="test_update_company_info" time="0.637" /><testcase classname="backend.tests.test_vastunirmana_api.TestAdminContacts" name="test_get_contacts" time="0.429" /><testcase classname="backend.tests.test_vastunirmana_api.TestAdminPages" name="test_get_all_pages" time="0.428" /></testsuite></testsuites>